# JRE version: OpenJDK Runtime Environment Temurin-21.0.8+9 (21.0.8+9) (build 21.0.8+9-LTS)
# Java VM: OpenJDK 64-Bit Server VM Temurin-21.0.8+9 (21.0.8+9-LTS, mixed mode, sharing, tiered, compressed oops, compressed class ptrs, parallel gc, windows-amd64)
GC Precious Log:
 CardTable entry size: 512
 CPUs: 8 total, 8 available
 Memory: 16198M
 Large Page Support: Disabled
 NUMA Support: Disabled
 Compressed Oops: Enabled (32-bit)
 Alignments: Space 512K, Generation 512K, Heap 2M
 Heap Min Capacity: 100M
 Heap Initial Capacity: 100M
 Heap Max Capacity: 2G
 Pre-touch: Disabled
 Parallel Workers: 8
Heap:
 PSYoungGen      total 16384K, used 12859K [0x00000000d5580000, 0x00000000d6800000, 0x0000000100000000)
  eden space 15360K, 77% used [0x00000000d5580000,0x00000000d6120c40,0x00000000d6480000)
  from space 1024K, 93% used [0x00000000d6600000,0x00000000d66ee1a8,0x00000000d6700000)
  to   space 1536K, 0% used [0x00000000d6480000,0x00000000d6480000,0x00000000d6600000)
 ParOldGen       total 68608K, used 47664K [0x0000000080000000, 0x0000000084300000, 0x00000000d5580000)
  object space 68608K, 69% used [0x0000000080000000,0x0000000082e8c0d0,0x0000000084300000)
 Metaspace       used 69448K, committed 70848K, reserved 1114112K
  class space    used 8713K, committed 9280K, reserved 1048576K
GC Heap History (20 events):
Event: 19.843 GC heap before
{Heap before GC invocations=52 (full 3):
 PSYoungGen      total 16384K, used 16364K [0x00000000d5580000, 0x00000000d6800000, 0x0000000100000000)
  eden space 15872K, 100% used [0x00000000d5580000,0x00000000d6500000,0x00000000d6500000)
  from space 512K, 96% used [0x00000000d6700000,0x00000000d677b010,0x00000000d6780000)
  to   space 1536K, 0% used [0x00000000d6500000,0x00000000d6500000,0x00000000d6680000)
 ParOldGen       total 68608K, used 44315K [0x0000000080000000, 0x0000000084300000, 0x00000000d5580000)
  object space 68608K, 64% used [0x0000000080000000,0x0000000082b46d28,0x0000000084300000)
 Metaspace       used 64764K, committed 65984K, reserved 1114112K
  class space    used 8049K, committed 8576K, reserved 1048576K
}
Event: 19.844 GC heap after
{Heap after GC invocations=52 (full 3):
 PSYoungGen      total 17408K, used 442K [0x00000000d5580000, 0x00000000d6780000, 0x0000000100000000)
  eden space 15872K, 0% used [0x00000000d5580000,0x00000000d5580000,0x00000000d6500000)
  from space 1536K, 28% used [0x00000000d6500000,0x00000000d656e820,0x00000000d6680000)
  to   space 1024K, 0% used [0x00000000d6680000,0x00000000d6680000,0x00000000d6780000)
 ParOldGen       total 68608K, used 44371K [0x0000000080000000, 0x0000000084300000, 0x00000000d5580000)
  object space 68608K, 64% used [0x0000000080000000,0x0000000082b54d28,0x0000000084300000)
 Metaspace       used 64764K, committed 65984K, reserved 1114112K
  class space    used 8049K, committed 8576K, reserved 1048576K
}
Event: 20.030 GC heap before
{Heap before GC invocations=53 (full 3):
 PSYoungGen      total 17408K, used 16314K [0x00000000d5580000, 0x00000000d6780000, 0x0000000100000000)
  eden space 15872K, 100% used [0x00000000d5580000,0x00000000d6500000,0x00000000d6500000)
  from space 1536K, 28% used [0x00000000d6500000,0x00000000d656e820,0x00000000d6680000)
  to   space 1024K, 0% used [0x00000000d6680000,0x00000000d6680000,0x00000000d6780000)
 ParOldGen       total 68608K, used 44371K [0x0000000080000000, 0x0000000084300000, 0x00000000d5580000)
  object space 68608K, 64% used [0x0000000080000000,0x0000000082b54d28,0x0000000084300000)
 Metaspace       used 64764K, committed 65984K, reserved 1114112K
  class space    used 8049K, committed 8576K, reserved 1048576K
}
Event: 20.031 GC heap after
{Heap after GC invocations=53 (full 3):
 PSYoungGen      total 16384K, used 322K [0x00000000d5580000, 0x00000000d6700000, 0x0000000100000000)
  eden space 15872K, 0% used [0x00000000d5580000,0x00000000d5580000,0x00000000d6500000)
  from space 512K, 62% used [0x00000000d6680000,0x00000000d66d0a20,0x00000000d6700000)
  to   space 512K, 0% used [0x00000000d6600000,0x00000000d6600000,0x00000000d6680000)
 ParOldGen       total 68608K, used 44627K [0x0000000080000000, 0x0000000084300000, 0x00000000d5580000)
  object space 68608K, 65% used [0x0000000080000000,0x0000000082b94cc8,0x0000000084300000)
 Metaspace       used 64764K, committed 65984K, reserved 1114112K
  class space    used 8049K, committed 8576K, reserved 1048576K
}
Event: 20.253 GC heap before
{Heap before GC invocations=54 (full 3):
 PSYoungGen      total 16384K, used 16194K [0x00000000d5580000, 0x00000000d6700000, 0x0000000100000000)
  eden space 15872K, 100% used [0x00000000d5580000,0x00000000d6500000,0x00000000d6500000)
  from space 512K, 62% used [0x00000000d6680000,0x00000000d66d0a20,0x00000000d6700000)
  to   space 512K, 0% used [0x00000000d6600000,0x00000000d6600000,0x00000000d6680000)
 ParOldGen       total 68608K, used 44627K [0x0000000080000000, 0x0000000084300000, 0x00000000d5580000)
  object space 68608K, 65% used [0x0000000080000000,0x0000000082b94cc8,0x0000000084300000)
 Metaspace       used 64764K, committed 65984K, reserved 1114112K
  class space    used 8049K, committed 8576K, reserved 1048576K
}
Event: 20.254 GC heap after
{Heap after GC invocations=54 (full 3):
 PSYoungGen      total 16384K, used 501K [0x00000000d5580000, 0x00000000d6800000, 0x0000000100000000)
  eden space 15872K, 0% used [0x00000000d5580000,0x00000000d5580000,0x00000000d6500000)
  from space 512K, 97% used [0x00000000d6600000,0x00000000d667d690,0x00000000d6680000)
  to   space 1536K, 0% used [0x00000000d6680000,0x00000000d6680000,0x00000000d6800000)
 ParOldGen       total 68608K, used 45362K [0x0000000080000000, 0x0000000084300000, 0x00000000d5580000)
  object space 68608K, 66% used [0x0000000080000000,0x0000000082c4cbb8,0x0000000084300000)
 Metaspace       used 64764K, committed 65984K, reserved 1114112K
  class space    used 8049K, committed 8576K, reserved 1048576K
}
Event: 20.483 GC heap before
{Heap before GC invocations=55 (full 3):
 PSYoungGen      total 16384K, used 16373K [0x00000000d5580000, 0x00000000d6800000, 0x0000000100000000)
  eden space 15872K, 100% used [0x00000000d5580000,0x00000000d6500000,0x00000000d6500000)
  from space 512K, 97% used [0x00000000d6600000,0x00000000d667d690,0x00000000d6680000)
  to   space 1536K, 0% used [0x00000000d6680000,0x00000000d6680000,0x00000000d6800000)
 ParOldGen       total 68608K, used 45362K [0x0000000080000000, 0x0000000084300000, 0x00000000d5580000)
  object space 68608K, 66% used [0x0000000080000000,0x0000000082c4cbb8,0x0000000084300000)
 Metaspace       used 64764K, committed 65984K, reserved 1114112K
  class space    used 8049K, committed 8576K, reserved 1048576K
}
Event: 20.484 GC heap after
{Heap after GC invocations=55 (full 3):
 PSYoungGen      total 16384K, used 489K [0x00000000d5580000, 0x00000000d6700000, 0x0000000100000000)
  eden space 15872K, 0% used [0x00000000d5580000,0x00000000d5580000,0x00000000d6500000)
  from space 512K, 95% used [0x00000000d6680000,0x00000000d66fa720,0x00000000d6700000)
  to   space 1024K, 0% used [0x00000000d6500000,0x00000000d6500000,0x00000000d6600000)
 ParOldGen       total 68608K, used 45394K [0x0000000080000000, 0x0000000084300000, 0x00000000d5580000)
  object space 68608K, 66% used [0x0000000080000000,0x0000000082c54bb8,0x0000000084300000)
 Metaspace       used 64764K, committed 65984K, reserved 1114112K
  class space    used 8049K, committed 8576K, reserved 1048576K
}
Event: 20.686 GC heap before
{Heap before GC invocations=56 (full 3):
 PSYoungGen      total 16384K, used 16361K [0x00000000d5580000, 0x00000000d6700000, 0x0000000100000000)
  eden space 15872K, 100% used [0x00000000d5580000,0x00000000d6500000,0x00000000d6500000)
  from space 512K, 95% used [0x00000000d6680000,0x00000000d66fa720,0x00000000d6700000)
  to   space 1024K, 0% used [0x00000000d6500000,0x00000000d6500000,0x00000000d6600000)
 ParOldGen       total 68608K, used 45394K [0x0000000080000000, 0x0000000084300000, 0x00000000d5580000)
  object space 68608K, 66% used [0x0000000080000000,0x0000000082c54bb8,0x0000000084300000)
 Metaspace       used 64764K, committed 65984K, reserved 1114112K
  class space    used 8049K, committed 8576K, reserved 1048576K
}
Event: 20.686 GC heap after
{Heap after GC invocations=56 (full 3):
 PSYoungGen      total 16896K, used 385K [0x00000000d5580000, 0x00000000d6700000, 0x0000000100000000)
  eden space 15872K, 0% used [0x00000000d5580000,0x00000000d5580000,0x00000000d6500000)
  from space 1024K, 37% used [0x00000000d6500000,0x00000000d65607e0,0x00000000d6600000)
  to   space 512K, 0% used [0x00000000d6680000,0x00000000d6680000,0x00000000d6700000)
 ParOldGen       total 68608K, used 45753K [0x0000000080000000, 0x0000000084300000, 0x00000000d5580000)
  object space 68608K, 66% used [0x0000000080000000,0x0000000082cae600,0x0000000084300000)
 Metaspace       used 64764K, committed 65984K, reserved 1114112K
  class space    used 8049K, committed 8576K, reserved 1048576K
}
Event: 20.926 GC heap before
{Heap before GC invocations=57 (full 3):
 PSYoungGen      total 16896K, used 16257K [0x00000000d5580000, 0x00000000d6700000, 0x0000000100000000)
  eden space 15872K, 100% used [0x00000000d5580000,0x00000000d6500000,0x00000000d6500000)
  from space 1024K, 37% used [0x00000000d6500000,0x00000000d65607e0,0x00000000d6600000)
  to   space 512K, 0% used [0x00000000d6680000,0x00000000d6680000,0x00000000d6700000)
 ParOldGen       total 68608K, used 45753K [0x0000000080000000, 0x0000000084300000, 0x00000000d5580000)
  object space 68608K, 66% used [0x0000000080000000,0x0000000082cae600,0x0000000084300000)
 Metaspace       used 64764K, committed 65984K, reserved 1114112K
  class space    used 8049K, committed 8576K, reserved 1048576K
}
Event: 20.927 GC heap after
{Heap after GC invocations=57 (full 3):
 PSYoungGen      total 16384K, used 492K [0x00000000d5580000, 0x00000000d6800000, 0x0000000100000000)
  eden space 15872K, 0% used [0x00000000d5580000,0x00000000d5580000,0x00000000d6500000)
  from space 512K, 96% used [0x00000000d6680000,0x00000000d66fb010,0x00000000d6700000)
  to   space 1536K, 0% used [0x00000000d6500000,0x00000000d6500000,0x00000000d6680000)
 ParOldGen       total 68608K, used 46558K [0x0000000080000000, 0x0000000084300000, 0x00000000d5580000)
  object space 68608K, 67% used [0x0000000080000000,0x0000000082d77ac0,0x0000000084300000)
 Metaspace       used 64764K, committed 65984K, reserved 1114112K
  class space    used 8049K, committed 8576K, reserved 1048576K
}
Event: 21.207 GC heap before
{Heap before GC invocations=58 (full 3):
 PSYoungGen      total 16384K, used 16364K [0x00000000d5580000, 0x00000000d6800000, 0x0000000100000000)
  eden space 15872K, 100% used [0x00000000d5580000,0x00000000d6500000,0x00000000d6500000)
  from space 512K, 96% used [0x00000000d6680000,0x00000000d66fb010,0x00000000d6700000)
  to   space 1536K, 0% used [0x00000000d6500000,0x00000000d6500000,0x00000000d6680000)
 ParOldGen       total 68608K, used 46558K [0x0000000080000000, 0x0000000084300000, 0x00000000d5580000)
  object space 68608K, 67% used [0x0000000080000000,0x0000000082d77ac0,0x0000000084300000)
 Metaspace       used 65534K, committed 66816K, reserved 1114112K
  class space    used 8166K, committed 8704K, reserved 1048576K
}
Event: 21.209 GC heap after
{Heap after GC invocations=58 (full 3):
 PSYoungGen      total 16384K, used 416K [0x00000000d5580000, 0x00000000d6700000, 0x0000000100000000)
  eden space 15872K, 0% used [0x00000000d5580000,0x00000000d5580000,0x00000000d6500000)
  from space 512K, 81% used [0x00000000d6500000,0x00000000d6568000,0x00000000d6580000)
  to   space 1024K, 0% used [0x00000000d6600000,0x00000000d6600000,0x00000000d6700000)
 ParOldGen       total 68608K, used 46622K [0x0000000080000000, 0x0000000084300000, 0x00000000d5580000)
  object space 68608K, 67% used [0x0000000080000000,0x0000000082d87ac0,0x0000000084300000)
 Metaspace       used 65534K, committed 66816K, reserved 1114112K
  class space    used 8166K, committed 8704K, reserved 1048576K
}
Event: 21.521 GC heap before
{Heap before GC invocations=59 (full 3):
 PSYoungGen      total 16384K, used 16288K [0x00000000d5580000, 0x00000000d6700000, 0x0000000100000000)
  eden space 15872K, 100% used [0x00000000d5580000,0x00000000d6500000,0x00000000d6500000)
  from space 512K, 81% used [0x00000000d6500000,0x00000000d6568000,0x00000000d6580000)
  to   space 1024K, 0% used [0x00000000d6600000,0x00000000d6600000,0x00000000d6700000)
 ParOldGen       total 68608K, used 46622K [0x0000000080000000, 0x0000000084300000, 0x00000000d5580000)
  object space 68608K, 67% used [0x0000000080000000,0x0000000082d87ac0,0x0000000084300000)
 Metaspace       used 67251K, committed 68544K, reserved 1114112K
  class space    used 8437K, committed 8960K, reserved 1048576K
}
Event: 21.522 GC heap after
{Heap after GC invocations=59 (full 3):
 PSYoungGen      total 16896K, used 672K [0x00000000d5580000, 0x00000000d6700000, 0x0000000100000000)
  eden space 15872K, 0% used [0x00000000d5580000,0x00000000d5580000,0x00000000d6500000)
  from space 1024K, 65% used [0x00000000d6600000,0x00000000d66a8010,0x00000000d6700000)
  to   space 1024K, 0% used [0x00000000d6500000,0x00000000d6500000,0x00000000d6600000)
 ParOldGen       total 68608K, used 46941K [0x0000000080000000, 0x0000000084300000, 0x00000000d5580000)
  object space 68608K, 68% used [0x0000000080000000,0x0000000082dd77d0,0x0000000084300000)
 Metaspace       used 67251K, committed 68544K, reserved 1114112K
  class space    used 8437K, committed 8960K, reserved 1048576K
}
Event: 24.121 GC heap before
{Heap before GC invocations=60 (full 3):
 PSYoungGen      total 16896K, used 16544K [0x00000000d5580000, 0x00000000d6700000, 0x0000000100000000)
  eden space 15872K, 100% used [0x00000000d5580000,0x00000000d6500000,0x00000000d6500000)
  from space 1024K, 65% used [0x00000000d6600000,0x00000000d66a8010,0x00000000d6700000)
  to   space 1024K, 0% used [0x00000000d6500000,0x00000000d6500000,0x00000000d6600000)
 ParOldGen       total 68608K, used 46941K [0x0000000080000000, 0x0000000084300000, 0x00000000d5580000)
  object space 68608K, 68% used [0x0000000080000000,0x0000000082dd77d0,0x0000000084300000)
 Metaspace       used 67979K, committed 69376K, reserved 1114112K
  class space    used 8528K, committed 9152K, reserved 1048576K
}
Event: 24.123 GC heap after
{Heap after GC invocations=60 (full 3):
 PSYoungGen      total 16896K, used 480K [0x00000000d5580000, 0x00000000d6700000, 0x0000000100000000)
  eden space 15872K, 0% used [0x00000000d5580000,0x00000000d5580000,0x00000000d6500000)
  from space 1024K, 46% used [0x00000000d6500000,0x00000000d6578000,0x00000000d6600000)
  to   space 1024K, 0% used [0x00000000d6600000,0x00000000d6600000,0x00000000d6700000)
 ParOldGen       total 68608K, used 47413K [0x0000000080000000, 0x0000000084300000, 0x00000000d5580000)
  object space 68608K, 69% used [0x0000000080000000,0x0000000082e4d7e0,0x0000000084300000)
 Metaspace       used 67979K, committed 69376K, reserved 1114112K
  class space    used 8528K, committed 9152K, reserved 1048576K
}
Event: 26.592 GC heap before
{Heap before GC invocations=61 (full 3):
 PSYoungGen      total 16896K, used 16351K [0x00000000d5580000, 0x00000000d6700000, 0x0000000100000000)
  eden space 15872K, 99% used [0x00000000d5580000,0x00000000d64ffff0,0x00000000d6500000)
  from space 1024K, 46% used [0x00000000d6500000,0x00000000d6578000,0x00000000d6600000)
  to   space 1024K, 0% used [0x00000000d6600000,0x00000000d6600000,0x00000000d6700000)
 ParOldGen       total 68608K, used 47413K [0x0000000080000000, 0x0000000084300000, 0x00000000d5580000)
  object space 68608K, 69% used [0x0000000080000000,0x0000000082e4d7e0,0x0000000084300000)
 Metaspace       used 68650K, committed 70080K, reserved 1114112K
  class space    used 8611K, committed 9216K, reserved 1048576K
}
Event: 26.594 GC heap after
{Heap after GC invocations=61 (full 3):
 PSYoungGen      total 16384K, used 952K [0x00000000d5580000, 0x00000000d6800000, 0x0000000100000000)
  eden space 15360K, 0% used [0x00000000d5580000,0x00000000d5580000,0x00000000d6480000)
  from space 1024K, 93% used [0x00000000d6600000,0x00000000d66ee1a8,0x00000000d6700000)
  to   space 1536K, 0% used [0x00000000d6480000,0x00000000d6480000,0x00000000d6600000)
 ParOldGen       total 68608K, used 47664K [0x0000000080000000, 0x0000000084300000, 0x00000000d5580000)
  object space 68608K, 69% used [0x0000000080000000,0x0000000082e8c0d0,0x0000000084300000)
 Metaspace       used 68650K, committed 70080K, reserved 1114112K
  class space    used 8611K, committed 9216K, reserved 1048576K
}

